

*******************************************************************************
Tue Jun 25 11:40:19 2024


FIT:    data read from "Out.timesSmooth.data" index 0 using 1:2
        format = x:z
        #datapoints = 6
        residuals are weighted equally (unit weight)

function used for fitting: f(x)
	f(x) = a*x**3+b
fitted parameters initialized with current variable values

iter      chisq       delta/lim  lambda   a             b            
   0 1.6399169652e+19   0.00e+00  1.17e+09    1.000000e+00   1.000000e+00
   5 1.4764121525e+00  -2.12e-05  1.17e+04    8.233048e-09   1.000000e+00

After 5 iterations the fit converged.
final sum of squares of residuals : 1.47641
rel. change during last iteration : -2.11562e-10

degrees of freedom    (FIT_NDF)                        : 4
rms of residuals      (FIT_STDFIT) = sqrt(WSSR/ndf)    : 0.607539
variance of residuals (reduced chisquare) = WSSR/ndf   : 0.369103

Final set of parameters            Asymptotic Standard Error
=======================            ==========================
a               = 8.23305e-09      +/- 2.086e-10    (2.533%)
b               = 1                +/- 0.3448       (34.48%)

correlation matrix of the fit parameters:
                a      b      
a               1.000 
b              -0.695  1.000 


*******************************************************************************
Tue Jun 25 11:40:19 2024


FIT:    data read from "Out.timesSmooth.data" index 2 using 1:2
        format = x:z
        #datapoints = 100
        residuals are weighted equally (unit weight)

function used for fitting: g(x)
	g(x) = m*x +c
fitted parameters initialized with current variable values

iter      chisq       delta/lim  lambda   m             c            
   0 3.3083903256e+11   0.00e+00  4.07e+04    1.000000e+00   1.000000e+00
   8 7.4844806481e-03  -5.79e-06  4.07e-04    3.222322e-08   2.156969e-01

After 8 iterations the fit converged.
final sum of squares of residuals : 0.00748448
rel. change during last iteration : -5.79264e-11

degrees of freedom    (FIT_NDF)                        : 98
rms of residuals      (FIT_STDFIT) = sqrt(WSSR/ndf)    : 0.00873912
variance of residuals (reduced chisquare) = WSSR/ndf   : 7.63723e-05

Final set of parameters            Asymptotic Standard Error
=======================            ==========================
m               = 3.22232e-08      +/- 3.027e-08    (93.95%)
c               = 0.215697         +/- 0.001741     (0.8073%)

correlation matrix of the fit parameters:
                m      c      
m               1.000 
c              -0.865  1.000 
