

*******************************************************************************
Tue Feb 27 12:55:29 2024


FIT:    data read from "out.times.data" using 1:2
        format = x:z
        #datapoints = 13
        residuals are weighted equally (unit weight)

function used for fitting: f(x)
	f(x) = a*x**3+b
fitted parameters initialized with current variable values

iter      chisq       delta/lim  lambda   a             b            
   0 3.3792341526e+18   0.00e+00  3.61e+08    1.000000e+00   1.000000e+00
   5 3.7808275840e+00  -2.08e-04  3.61e+03    9.788197e-09   1.000000e+00

After 5 iterations the fit converged.
final sum of squares of residuals : 3.78083
rel. change during last iteration : -2.07549e-09

degrees of freedom    (FIT_NDF)                        : 11
rms of residuals      (FIT_STDFIT) = sqrt(WSSR/ndf)    : 0.586269
variance of residuals (reduced chisquare) = WSSR/ndf   : 0.343712

Final set of parameters            Asymptotic Standard Error
=======================            ==========================
a               = 9.7882e-09       +/- 5.53e-10     (5.649%)
b               = 1                +/- 0.2819       (28.19%)

correlation matrix of the fit parameters:
                a      b      
a               1.000 
b              -0.817  1.000 
